{"contracts\\Builder.sol":{"l":{"49":3,"51":3,"53":3,"54":3,"55":3,"56":3,"75":6,"76":6,"79":6,"80":6,"82":6,"84":6,"85":6,"104":5,"105":5,"107":1,"108":1,"110":1,"111":1,"112":1,"113":1,"116":1,"117":1,"135":2,"136":2,"138":2,"142":2,"144":2,"148":2,"150":2,"152":2,"161":2,"162":2,"163":2,"172":2,"173":2,"181":2,"189":2,"197":0,"205":4,"213":0,"221":3,"230":0,"231":0,"233":0,"244":0,"246":0,"254":10,"256":8,"264":8,"266":6,"274":11,"276":7},"path":"C:\\Github\\SeedFarm\\contracts\\Builder.sol","s":{"1":3,"2":3,"3":3,"4":3,"5":3,"6":3,"7":6,"8":6,"9":6,"10":6,"11":6,"12":6,"13":5,"14":5,"15":4,"16":1,"17":1,"18":1,"19":1,"20":1,"21":1,"22":1,"23":2,"24":2,"25":0,"26":2,"27":2,"28":2,"29":2,"30":2,"31":2,"32":2,"33":2,"34":2,"35":2,"36":2,"37":2,"38":2,"39":0,"40":4,"41":0,"42":3,"43":0,"44":0,"45":0,"46":0,"47":0,"48":10,"49":8,"50":11},"b":{"1":[6,0],"2":[4,1],"3":[1,0],"4":[0,2],"5":[0,0],"6":[0,0],"7":[8,2],"8":[6,2],"9":[7,4]},"f":{"1":3,"2":6,"3":5,"4":2,"5":2,"6":2,"7":2,"8":2,"9":0,"10":4,"11":0,"12":3,"13":0,"14":0,"15":10,"16":8,"17":11},"fnMap":{"1":{"name":"constructor","line":48,"loc":{"start":{"line":48,"column":4},"end":{"line":57,"column":4}}},"2":{"name":"placeStructure","line":73,"loc":{"start":{"line":72,"column":4},"end":{"line":86,"column":4}}},"3":{"name":"removeStructure","line":102,"loc":{"start":{"line":101,"column":4},"end":{"line":118,"column":4}}},"4":{"name":"withdrawTileYield","line":133,"loc":{"start":{"line":132,"column":4},"end":{"line":153,"column":4}}},"5":{"name":"calculateYieldTime","line":159,"loc":{"start":{"line":159,"column":4},"end":{"line":164,"column":4}}},"6":{"name":"calculateReward","line":170,"loc":{"start":{"line":170,"column":4},"end":{"line":174,"column":4}}},"7":{"name":"getMap","line":180,"loc":{"start":{"line":180,"column":4},"end":{"line":182,"column":4}}},"8":{"name":"getHouses","line":188,"loc":{"start":{"line":188,"column":4},"end":{"line":190,"column":4}}},"9":{"name":"getStructure","line":196,"loc":{"start":{"line":196,"column":4},"end":{"line":198,"column":4}}},"10":{"name":"getIsStaking","line":204,"loc":{"start":{"line":204,"column":4},"end":{"line":206,"column":4}}},"11":{"name":"getStaked","line":212,"loc":{"start":{"line":212,"column":4},"end":{"line":214,"column":4}}},"12":{"name":"getStakedTime","line":220,"loc":{"start":{"line":220,"column":4},"end":{"line":222,"column":4}}},"13":{"name":"isReadyForWithdraw","line":229,"loc":{"start":{"line":229,"column":5},"end":{"line":237,"column":5}}},"14":{"name":"onlyOwner","line":243,"loc":{"start":{"line":243,"column":4},"end":{"line":247,"column":4}}},"15":{"name":"priced","line":253,"loc":{"start":{"line":253,"column":4},"end":{"line":257,"column":4}}},"16":{"name":"unique","line":263,"loc":{"start":{"line":263,"column":4},"end":{"line":267,"column":4}}},"17":{"name":"staking","line":273,"loc":{"start":{"line":273,"column":4},"end":{"line":277,"column":4}}}},"statementMap":{"1":{"start":{"line":49,"column":8},"end":{"line":49,"column":25}},"2":{"start":{"line":51,"column":8},"end":{"line":51,"column":19}},"3":{"start":{"line":53,"column":8},"end":{"line":53,"column":47}},"4":{"start":{"line":54,"column":8},"end":{"line":54,"column":30}},"5":{"start":{"line":55,"column":8},"end":{"line":55,"column":27}},"6":{"start":{"line":56,"column":8},"end":{"line":56,"column":27}},"7":{"start":{"line":75,"column":8},"end":{"line":75,"column":2040}},"8":{"start":{"line":76,"column":12},"end":{"line":76,"column":39}},"9":{"start":{"line":79,"column":8},"end":{"line":79,"column":35}},"10":{"start":{"line":82,"column":8},"end":{"line":82,"column":53}},"11":{"start":{"line":84,"column":8},"end":{"line":84,"column":41}},"12":{"start":{"line":85,"column":8},"end":{"line":85,"column":19}},"13":{"start":{"line":104,"column":8},"end":{"line":104,"column":51}},"14":{"start":{"line":105,"column":8},"end":{"line":105,"column":51}},"15":{"start":{"line":105,"column":31},"end":{"line":105,"column":50}},"16":{"start":{"line":107,"column":8},"end":{"line":107,"column":45}},"17":{"start":{"line":108,"column":8},"end":{"line":108,"column":68}},"18":{"start":{"line":110,"column":8},"end":{"line":110,"column":32}},"19":{"start":{"line":112,"column":8},"end":{"line":112,"column":3092}},"20":{"start":{"line":113,"column":12},"end":{"line":113,"column":40}},"21":{"start":{"line":116,"column":8},"end":{"line":116,"column":65}},"22":{"start":{"line":117,"column":8},"end":{"line":117,"column":19}},"23":{"start":{"line":135,"column":8},"end":{"line":135,"column":51}},"24":{"start":{"line":136,"column":8},"end":{"line":136,"column":51}},"25":{"start":{"line":136,"column":31},"end":{"line":136,"column":50}},"26":{"start":{"line":138,"column":8},"end":{"line":138,"column":3803}},"27":{"start":{"line":142,"column":8},"end":{"line":142,"column":39}},"28":{"start":{"line":144,"column":8},"end":{"line":144,"column":3999}},"29":{"start":{"line":148,"column":8},"end":{"line":148,"column":36}},"30":{"start":{"line":150,"column":8},"end":{"line":150,"column":38}},"31":{"start":{"line":152,"column":8},"end":{"line":152,"column":19}},"32":{"start":{"line":161,"column":8},"end":{"line":161,"column":51}},"33":{"start":{"line":162,"column":8},"end":{"line":162,"column":52}},"34":{"start":{"line":163,"column":8},"end":{"line":163,"column":54}},"35":{"start":{"line":172,"column":8},"end":{"line":172,"column":58}},"36":{"start":{"line":173,"column":8},"end":{"line":173,"column":21}},"37":{"start":{"line":181,"column":8},"end":{"line":181,"column":30}},"38":{"start":{"line":189,"column":8},"end":{"line":189,"column":38}},"39":{"start":{"line":197,"column":8},"end":{"line":197,"column":31}},"40":{"start":{"line":205,"column":8},"end":{"line":205,"column":36}},"41":{"start":{"line":213,"column":8},"end":{"line":213,"column":33}},"42":{"start":{"line":221,"column":8},"end":{"line":221,"column":43}},"43":{"start":{"line":230,"column":9},"end":{"line":230,"column":52}},"44":{"start":{"line":231,"column":9},"end":{"line":231,"column":52}},"45":{"start":{"line":231,"column":32},"end":{"line":231,"column":51}},"46":{"start":{"line":233,"column":9},"end":{"line":233,"column":6343}},"47":{"start":{"line":244,"column":8},"end":{"line":244,"column":6607}},"48":{"start":{"line":254,"column":8},"end":{"line":254,"column":6815}},"49":{"start":{"line":264,"column":8},"end":{"line":264,"column":7062}},"50":{"start":{"line":274,"column":8},"end":{"line":274,"column":7284}}},"branchMap":{"1":{"line":75,"type":"if","locations":[{"start":{"line":75,"column":8},"end":{"line":75,"column":8}},{"start":{"line":75,"column":8},"end":{"line":75,"column":8}}]},"2":{"line":105,"type":"if","locations":[{"start":{"line":105,"column":8},"end":{"line":105,"column":8}},{"start":{"line":105,"column":8},"end":{"line":105,"column":8}}]},"3":{"line":112,"type":"if","locations":[{"start":{"line":112,"column":8},"end":{"line":112,"column":8}},{"start":{"line":112,"column":8},"end":{"line":112,"column":8}}]},"4":{"line":136,"type":"if","locations":[{"start":{"line":136,"column":8},"end":{"line":136,"column":8}},{"start":{"line":136,"column":8},"end":{"line":136,"column":8}}]},"5":{"line":231,"type":"if","locations":[{"start":{"line":231,"column":9},"end":{"line":231,"column":9}},{"start":{"line":231,"column":9},"end":{"line":231,"column":9}}]},"6":{"line":244,"type":"if","locations":[{"start":{"line":244,"column":8},"end":{"line":244,"column":8}},{"start":{"line":244,"column":8},"end":{"line":244,"column":8}}]},"7":{"line":254,"type":"if","locations":[{"start":{"line":254,"column":8},"end":{"line":254,"column":8}},{"start":{"line":254,"column":8},"end":{"line":254,"column":8}}]},"8":{"line":264,"type":"if","locations":[{"start":{"line":264,"column":8},"end":{"line":264,"column":8}},{"start":{"line":264,"column":8},"end":{"line":264,"column":8}}]},"9":{"line":274,"type":"if","locations":[{"start":{"line":274,"column":8},"end":{"line":274,"column":8}},{"start":{"line":274,"column":8},"end":{"line":274,"column":8}}]}}},"contracts\\ISeedToken.sol":{"l":{},"path":"C:\\Github\\SeedFarm\\contracts\\ISeedToken.sol","s":{},"b":{},"f":{},"fnMap":{},"statementMap":{},"branchMap":{}},"contracts\\SeedToken.sol":{"l":{"15":3},"path":"C:\\Github\\SeedFarm\\contracts\\SeedToken.sol","s":{"1":3},"b":{},"f":{"1":3,"2":3},"fnMap":{"1":{"name":"constructor","line":10,"loc":{"start":{"line":10,"column":4},"end":{"line":12,"column":4}}},"2":{"name":"mint","line":14,"loc":{"start":{"line":14,"column":4},"end":{"line":16,"column":4}}}},"statementMap":{"1":{"start":{"line":15,"column":8},"end":{"line":15,"column":24}}},"branchMap":{}}}